2023-11-26 17:07:10,613 [INFO] Activator:176 - 


2023-11-26 17:07:10,615 [INFO] Activator:177 - !SESSION log4j initialized
2023-11-26 17:07:12,258 [ERROR] LogOutputStream:75 - [STDERR_REDIRECT] 
2023-11-26 17:07:13,033 [INFO] LogOutputStream:77 - [STDOUT_REDIRECT] 
2023-11-26 17:07:14,618 [INFO] LogOutputStream:77 - [STDOUT_REDIRECT] 
2023-11-26 17:07:16,252 [ERROR] LogOutputStream:75 - [STDERR_REDIRECT] [Fatal Error] :2:10: DOCTYPE is disallowed when the feature "http://apache.org/xml/features/disallow-doctype-decl" set to true.
2023-11-26 17:07:16,254 [ERROR] LogOutputStream:75 - [STDERR_REDIRECT] 
2023-11-26 17:07:16,472 [INFO] ApplicationProperties:184 - Using Application install path: /Applications/STM32CubeIDE.app/Contents/Eclipse/plugins/com.st.stm32cube.common.mx_6.10.0.202311202037
2023-11-26 17:07:16,483 [INFO] DbMcusXml:78 - Set database path to: /Applications/STM32CubeIDE.app/Contents/Eclipse/plugins/com.st.stm32cube.common.mx_6.10.0.202311202037//db//mcu/
2023-11-26 17:07:16,484 [INFO] ApiDb:274 - Set plugin database path to: /Applications/STM32CubeIDE.app/Contents/Eclipse/plugins/com.st.stm32cube.common.mx_6.10.0.202311202037//db//plugins/boardmanager/
2023-11-26 17:07:16,484 [WARN] ApiDb:259 - Overriding images path with different value:  => /Applications/STM32CubeIDE.app/Contents/Eclipse/plugins/com.st.stm32cube.common.mx_6.10.0.202311202037//db//plugins/mcufinder/images/
2023-11-26 17:07:16,490 [INFO] ApiDb:250 - Set database path to: /Users/tunkarlu/.stmcufinder/plugins/mcufinder//mcu/
2023-11-26 17:07:16,490 [INFO] DbMcusAds:125 - Set database path to: /Users/tunkarlu/.stmcufinder/plugins/mcufinder//mcu/
2023-11-26 17:07:16,491 [INFO] CrossReferenceDbSqlite:203 - Set database path to: /Users/tunkarlu/.stmcufinder/plugins/mcufinder//mcu/cs/
2023-11-26 17:07:16,594 [INFO] RulesReader:64 - Compatibility file has been processed (297 Rules)
2023-11-26 17:07:16,646 [INFO] DbMcusXml:78 - Set database path to: /Applications/STM32CubeIDE.app/Contents/Eclipse/plugins/com.st.stm32cube.common.mx_6.10.0.202311202037//db//mcu/
2023-11-26 17:07:16,647 [INFO] ApiDb:274 - Set plugin database path to: /Applications/STM32CubeIDE.app/Contents/Eclipse/plugins/com.st.stm32cube.common.mx_6.10.0.202311202037//db//plugins/boardmanager/
2023-11-26 17:07:16,647 [INFO] ApiDb:261 - Set plugin images path to: /Applications/STM32CubeIDE.app/Contents/Eclipse/plugins/com.st.stm32cube.common.mx_6.10.0.202311202037//db//plugins/mcufinder/images/
2023-11-26 17:07:16,647 [WARN] DbFile:41 - Overriding database path with different value: /Users/tunkarlu/.stmcufinder/plugins/mcufinder/ => /Users/tunkarlu/.stmcufinder/plugins/mcufinder
2023-11-26 17:07:16,647 [INFO] ApiDb:250 - Set database path to: /Users/tunkarlu/.stmcufinder/plugins/mcufinder//mcu/
2023-11-26 17:07:16,647 [WARN] DbFile:41 - Overriding database path with different value: /Users/tunkarlu/.stmcufinder/plugins/mcufinder/ => /Users/tunkarlu/.stmcufinder/plugins/mcufinder
2023-11-26 17:07:16,647 [INFO] DbMcusAds:125 - Set database path to: /Users/tunkarlu/.stmcufinder/plugins/mcufinder//mcu/
2023-11-26 17:07:16,647 [WARN] DbFile:41 - Overriding database path with different value: /Users/tunkarlu/.stmcufinder/plugins/mcufinder/ => /Users/tunkarlu/.stmcufinder/plugins/mcufinder
2023-11-26 17:07:16,647 [WARN] DbFile:41 - Overriding database path with different value: /Users/tunkarlu/.stmcufinder/plugins/mcufinder/ => /Users/tunkarlu/.stmcufinder/plugins/mcufinder
2023-11-26 17:07:16,648 [INFO] CrossReferenceDbSqlite:203 - Set database path to: /Users/tunkarlu/.stmcufinder/plugins/mcufinder//mcu/cs/
2023-11-26 17:07:16,715 [INFO] MainPanel:264 - HeapMemory: 289406976
2023-11-26 17:07:16,812 [INFO] DbMcusXml:78 - Set database path to: /Applications/STM32CubeIDE.app/Contents/Eclipse/plugins/com.st.stm32cube.common.mx_6.10.0.202311202037//db//mcu/
2023-11-26 17:07:16,812 [INFO] ApiDb:274 - Set plugin database path to: /Applications/STM32CubeIDE.app/Contents/Eclipse/plugins/com.st.stm32cube.common.mx_6.10.0.202311202037//db//plugins/boardmanager/
2023-11-26 17:07:16,812 [INFO] ApiDb:261 - Set plugin images path to: /Applications/STM32CubeIDE.app/Contents/Eclipse/plugins/com.st.stm32cube.common.mx_6.10.0.202311202037//db//plugins/mcufinder/images/
2023-11-26 17:07:16,813 [WARN] DbFile:41 - Overriding database path with different value: /Users/tunkarlu/.stmcufinder/plugins/mcufinder/ => /Users/tunkarlu/.stmcufinder/plugins/mcufinder
2023-11-26 17:07:16,813 [INFO] ApiDb:250 - Set database path to: /Users/tunkarlu/.stmcufinder/plugins/mcufinder//mcu/
2023-11-26 17:07:16,813 [WARN] DbFile:41 - Overriding database path with different value: /Users/tunkarlu/.stmcufinder/plugins/mcufinder/ => /Users/tunkarlu/.stmcufinder/plugins/mcufinder
2023-11-26 17:07:16,813 [INFO] DbMcusAds:125 - Set database path to: /Users/tunkarlu/.stmcufinder/plugins/mcufinder//mcu/
2023-11-26 17:07:16,813 [WARN] DbFile:41 - Overriding database path with different value: /Users/tunkarlu/.stmcufinder/plugins/mcufinder/ => /Users/tunkarlu/.stmcufinder/plugins/mcufinder
2023-11-26 17:07:16,813 [WARN] DbFile:41 - Overriding database path with different value: /Users/tunkarlu/.stmcufinder/plugins/mcufinder/ => /Users/tunkarlu/.stmcufinder/plugins/mcufinder
2023-11-26 17:07:16,813 [INFO] CrossReferenceDbSqlite:203 - Set database path to: /Users/tunkarlu/.stmcufinder/plugins/mcufinder//mcu/cs/
2023-11-26 17:07:16,826 [INFO] ApplicationProperties:184 - Using Application install path: /Applications/STM32CubeIDE.app/Contents/Eclipse/plugins/com.st.stm32cube.common.mx_6.10.0.202311202037
2023-11-26 17:07:16,827 [INFO] PluginManage:196 - Search for loadable plugins [exclusion list=, ]
2023-11-26 17:07:16,829 [INFO] PluginManage:310 - Check plugin analytics
2023-11-26 17:07:17,098 [INFO] AnalyticsPlugin:253 - Accepted Software Licenses: 
2023-11-26 17:07:17,100 [INFO] AnalyticsPlugin:255 - Accepted CMSIS Pack Licenses: 
2023-11-26 17:07:17,100 [INFO] AnalyticsPlugin:257 - Accepted Firmware Licenses: 
2023-11-26 17:07:17,134 [INFO] PluginManage:359 - Loaded plugin analytics (category:tool,tabindex:-1)
2023-11-26 17:07:17,138 [INFO] PluginManage:310 - Check plugin cadmodel
2023-11-26 17:07:17,769 [INFO] CADModel:105 - Init CAD model plugin
2023-11-26 17:07:17,770 [INFO] PluginManage:359 - Loaded plugin cadmodel (category:power,tabindex:5)
2023-11-26 17:07:17,770 [INFO] PluginManage:310 - Check plugin clock
2023-11-26 17:07:17,781 [INFO] PluginManage:359 - Loaded plugin clock (category:base,tabindex:2)
2023-11-26 17:07:17,781 [INFO] PluginManage:310 - Check plugin ddr
2023-11-26 17:07:17,783 [INFO] PluginManage:359 - Loaded plugin ddr (category:tool,tabindex:6)
2023-11-26 17:07:17,783 [INFO] PluginManage:310 - Check plugin filemanager
2023-11-26 17:07:17,918 [INFO] PluginManage:359 - Loaded plugin filemanager (category:base,tabindex:10)
2023-11-26 17:07:17,918 [INFO] PluginManage:310 - Check plugin ipmanager
2023-11-26 17:07:17,926 [INFO] PluginManage:359 - Loaded plugin ipmanager (category:base,tabindex:5)
2023-11-26 17:07:17,926 [INFO] PluginManage:310 - Check plugin lpbam
2023-11-26 17:07:17,934 [INFO] PluginManage:359 - Loaded plugin lpbam (category:base,tabindex:0)
2023-11-26 17:07:17,934 [INFO] PluginManage:310 - Check plugin memorymap
2023-11-26 17:07:17,944 [INFO] PluginManage:359 - Loaded plugin memorymap (category:base,tabindex:4)
2023-11-26 17:07:17,944 [INFO] PluginManage:310 - Check plugin pinoutandconfiguration
2023-11-26 17:07:17,949 [INFO] PluginManage:359 - Loaded plugin pinoutandconfiguration (category:base,tabindex:1)
2023-11-26 17:07:17,949 [INFO] PluginManage:310 - Check plugin pinoutconfig
2023-11-26 17:07:18,051 [WARN] SupportedApi:132 - Cannot load RTOS API schema: s4s-elt-must-match.1: The content of 'definitions' must match (annotation?, (simpleType | complexType)?, (unique | key | keyref)*)). A problem was found starting at: attribute.
2023-11-26 17:07:18,335 [INFO] PluginManage:359 - Loaded plugin pinoutconfig (category:base,tabindex:0)
2023-11-26 17:07:18,337 [INFO] PluginManage:310 - Check plugin power
2023-11-26 17:07:18,356 [INFO] PluginManage:359 - Loaded plugin power (category:power,tabindex:4)
2023-11-26 17:07:18,356 [INFO] PluginManage:310 - Check plugin projectmanager
2023-11-26 17:07:18,389 [INFO] PluginManage:359 - Loaded plugin projectmanager (category:projectmanager,tabindex:3)
2023-11-26 17:07:18,390 [INFO] PluginManage:310 - Check plugin thirdparty
2023-11-26 17:07:18,523 [INFO] PluginManage:359 - Loaded plugin thirdparty (category:base,tabindex:-1)
2023-11-26 17:07:18,524 [INFO] PluginManage:310 - Check plugin tools
2023-11-26 17:07:18,523 [WARN] IntegrityCheckThread:84 - waiting for thirdparty lock release [integrity check]
2023-11-26 17:07:18,525 [INFO] IntegrityCheckThread:86 - entering critical section [integrity check]
2023-11-26 17:07:18,527 [INFO] ThirdPartyUpdaterWithRetryManager:70 - Updater plugin not ready yet. [1/15]
2023-11-26 17:07:18,527 [INFO] PluginManage:359 - Loaded plugin tools (category:base,tabindex:7)
2023-11-26 17:07:18,527 [INFO] PluginManage:310 - Check plugin tutovideos
2023-11-26 17:07:18,658 [INFO] PluginManage:359 - Loaded plugin tutovideos (category:base,tabindex:-1)
2023-11-26 17:07:18,658 [INFO] PluginManage:310 - Check plugin updater
2023-11-26 17:07:18,673 [INFO] PluginManage:359 - Loaded plugin updater (category:base,tabindex:12)
2023-11-26 17:07:18,673 [INFO] PluginManage:310 - Check plugin userauth
2023-11-26 17:07:18,678 [INFO] UserAuth:114 - Init User Auth plugin
2023-11-26 17:07:18,678 [INFO] PluginManage:359 - Loaded plugin userauth (category:base,tabindex:14)
2023-11-26 17:07:18,678 [INFO] PluginManage:283 - PluginManage : Loaded plugins [17]
2023-11-26 17:07:18,887 [INFO] PinOutPanel:1499 - setPackage(No Configuration,No Configuration)
2023-11-26 17:07:18,936 [INFO] CADModel:165 - CPN selected for project level
2023-11-26 17:07:18,936 [INFO] CADModel:114 - Register for checkConnection events
2023-11-26 17:07:18,945 [INFO] IPUIPlugin:80 - create IPUIPlugin
2023-11-26 17:07:18,945 [INFO] PluginManager:220 - loadIPPluginJar : add mdma
2023-11-26 17:07:18,950 [INFO] IPUIPlugin:80 - create IPUIPlugin
2023-11-26 17:07:18,950 [INFO] PluginManager:220 - loadIPPluginJar : add freertos
2023-11-26 17:07:18,952 [INFO] IPUIPlugin:80 - create IPUIPlugin
2023-11-26 17:07:18,952 [INFO] PluginManager:220 - loadIPPluginJar : add gic
2023-11-26 17:07:18,956 [INFO] IPUIPlugin:80 - create IPUIPlugin
2023-11-26 17:07:18,956 [INFO] PluginManager:220 - loadIPPluginJar : add adc
2023-11-26 17:07:18,958 [INFO] IPUIPlugin:80 - create IPUIPlugin
2023-11-26 17:07:18,958 [INFO] PluginManager:220 - loadIPPluginJar : add gtzc
2023-11-26 17:07:18,959 [INFO] IPUIPlugin:80 - create IPUIPlugin
2023-11-26 17:07:18,959 [INFO] PluginManager:220 - loadIPPluginJar : add quadspi
2023-11-26 17:07:18,960 [INFO] IPUIPlugin:80 - create IPUIPlugin
2023-11-26 17:07:18,960 [INFO] PluginManager:220 - loadIPPluginJar : add aes
2023-11-26 17:07:18,962 [INFO] IPUIPlugin:80 - create IPUIPlugin
2023-11-26 17:07:18,962 [INFO] PluginManager:220 - loadIPPluginJar : add pdm2pcm
2023-11-26 17:07:18,963 [INFO] IPUIPlugin:80 - create IPUIPlugin
2023-11-26 17:07:18,963 [INFO] PluginManager:220 - loadIPPluginJar : add hash
2023-11-26 17:07:18,964 [INFO] IPUIPlugin:80 - create IPUIPlugin
2023-11-26 17:07:18,964 [INFO] PluginManager:220 - loadIPPluginJar : add tim
2023-11-26 17:07:18,965 [INFO] IPUIPlugin:80 - create IPUIPlugin
2023-11-26 17:07:18,965 [INFO] PluginManager:220 - loadIPPluginJar : add tsc
2023-11-26 17:07:18,965 [INFO] IPUIPlugin:80 - create IPUIPlugin
2023-11-26 17:07:18,965 [INFO] PluginManager:220 - loadIPPluginJar : add ts
2023-11-26 17:07:18,967 [INFO] IPUIPlugin:80 - create IPUIPlugin
2023-11-26 17:07:18,967 [INFO] PluginManager:220 - loadIPPluginJar : add can
2023-11-26 17:07:18,968 [INFO] IPUIPlugin:80 - create IPUIPlugin
2023-11-26 17:07:18,968 [INFO] PluginManager:220 - loadIPPluginJar : add dma3
2023-11-26 17:07:18,969 [INFO] IPUIPlugin:80 - create IPUIPlugin
2023-11-26 17:07:18,969 [INFO] PluginManager:220 - loadIPPluginJar : add dfsdm
2023-11-26 17:07:18,970 [INFO] IPUIPlugin:80 - create IPUIPlugin
2023-11-26 17:07:18,970 [INFO] PluginManager:220 - loadIPPluginJar : add spi
2023-11-26 17:07:18,971 [INFO] IPUIPlugin:80 - create IPUIPlugin
2023-11-26 17:07:18,971 [INFO] PluginManager:220 - loadIPPluginJar : add gfxmmu
2023-11-26 17:07:18,972 [INFO] IPUIPlugin:80 - create IPUIPlugin
2023-11-26 17:07:18,972 [INFO] PluginManager:220 - loadIPPluginJar : add genericplugin
2023-11-26 17:07:18,973 [INFO] IPUIPlugin:80 - create IPUIPlugin
2023-11-26 17:07:18,973 [INFO] PluginManager:220 - loadIPPluginJar : add cryp
2023-11-26 17:07:18,975 [INFO] IPUIPlugin:80 - create IPUIPlugin
2023-11-26 17:07:18,975 [INFO] PluginManager:220 - loadIPPluginJar : add gpio
2023-11-26 17:07:18,977 [INFO] IPUIPlugin:80 - create IPUIPlugin
2023-11-26 17:07:18,977 [INFO] PluginManager:220 - loadIPPluginJar : add comp
2023-11-26 17:07:18,978 [INFO] IPUIPlugin:80 - create IPUIPlugin
2023-11-26 17:07:18,978 [INFO] PluginManager:220 - loadIPPluginJar : add tracer_emb
2023-11-26 17:07:18,979 [INFO] IPUIPlugin:80 - create IPUIPlugin
2023-11-26 17:07:18,979 [INFO] PluginManager:220 - loadIPPluginJar : add openamp
2023-11-26 17:07:18,981 [INFO] IPUIPlugin:80 - create IPUIPlugin
2023-11-26 17:07:18,981 [INFO] PluginManager:220 - loadIPPluginJar : add stm32_wpan
2023-11-26 17:07:18,984 [INFO] IPUIPlugin:80 - create IPUIPlugin
2023-11-26 17:07:18,986 [INFO] PluginManager:220 - loadIPPluginJar : add plateformsettings
2023-11-26 17:07:18,988 [INFO] IPUIPlugin:80 - create IPUIPlugin
2023-11-26 17:07:18,988 [INFO] PluginManager:220 - loadIPPluginJar : add ipddr
2023-11-26 17:07:18,989 [INFO] IPUIPlugin:80 - create IPUIPlugin
2023-11-26 17:07:18,989 [INFO] PluginManager:220 - loadIPPluginJar : add usart
2023-11-26 17:07:18,990 [INFO] IPUIPlugin:80 - create IPUIPlugin
2023-11-26 17:07:18,990 [INFO] PluginManager:220 - loadIPPluginJar : add ltdc
2023-11-26 17:07:18,991 [INFO] IPUIPlugin:80 - create IPUIPlugin
2023-11-26 17:07:18,991 [INFO] PluginManager:220 - loadIPPluginJar : add nvic
2023-11-26 17:07:18,992 [INFO] IPUIPlugin:80 - create IPUIPlugin
2023-11-26 17:07:18,992 [INFO] PluginManager:220 - loadIPPluginJar : add fatfs
2023-11-26 17:07:18,995 [INFO] IPUIPlugin:80 - create IPUIPlugin
2023-11-26 17:07:18,995 [INFO] PluginManager:220 - loadIPPluginJar : add linkedlist
2023-11-26 17:07:18,997 [INFO] IPUIPlugin:80 - create IPUIPlugin
2023-11-26 17:07:18,997 [INFO] PluginManager:220 - loadIPPluginJar : add dma
2023-11-26 17:07:18,999 [INFO] IPUIPlugin:80 - create IPUIPlugin
2023-11-26 17:07:18,999 [INFO] PluginManager:220 - loadIPPluginJar : add fmc
2023-11-26 17:07:19,000 [INFO] IPUIPlugin:80 - create IPUIPlugin
2023-11-26 17:07:19,000 [INFO] PluginManager:220 - loadIPPluginJar : add i2s
2023-11-26 17:07:19,000 [INFO] IPUIPlugin:80 - create IPUIPlugin
2023-11-26 17:07:19,001 [INFO] PluginManager:220 - loadIPPluginJar : add ucpd
2023-11-26 17:07:19,002 [INFO] IPUIPlugin:80 - create IPUIPlugin
2023-11-26 17:07:19,002 [INFO] PluginManager:220 - loadIPPluginJar : add lorawan
2023-11-26 17:07:19,003 [INFO] IPUIPlugin:80 - create IPUIPlugin
2023-11-26 17:07:19,003 [INFO] PluginManager:220 - loadIPPluginJar : add opamp
2023-11-26 17:07:19,005 [INFO] IPUIPlugin:80 - create IPUIPlugin
2023-11-26 17:07:19,005 [INFO] PluginManager:220 - loadIPPluginJar : add i3c
2023-11-26 17:07:19,007 [INFO] IPUIPlugin:80 - create IPUIPlugin
2023-11-26 17:07:19,007 [INFO] PluginManager:220 - loadIPPluginJar : add touchsensing
2023-11-26 17:07:19,008 [INFO] IPUIPlugin:80 - create IPUIPlugin
2023-11-26 17:07:19,008 [INFO] PluginManager:220 - loadIPPluginJar : add i2c
2023-11-26 17:07:19,010 [INFO] IPUIPlugin:80 - create IPUIPlugin
2023-11-26 17:07:19,011 [INFO] PluginManager:220 - loadIPPluginJar : add resmgrutility
2023-11-26 17:07:19,012 [INFO] IPUIPlugin:80 - create IPUIPlugin
2023-11-26 17:07:19,012 [INFO] PluginManager:220 - loadIPPluginJar : add sai
2023-11-26 17:07:19,013 [INFO] IPUIPlugin:80 - create IPUIPlugin
2023-11-26 17:07:19,014 [INFO] PluginManager:220 - loadIPPluginJar : add usbx
2023-11-26 17:07:19,124 [INFO] CADModel:165 - CPN selected for project level
2023-11-26 17:07:19,126 [INFO] CADModel:114 - Register for checkConnection events
2023-11-26 17:07:19,128 [FATAL] Updater:308 - Updater called before beeing initialized
2023-11-26 17:07:19,128 [ERROR] CADModel:125 - Updater not yet initialized, retry later 
2023-11-26 17:07:19,335 [INFO] CADModel:165 - CPN selected for project level
2023-11-26 17:07:19,336 [INFO] CADModel:114 - Register for checkConnection events
2023-11-26 17:07:19,336 [FATAL] Updater:308 - Updater called before beeing initialized
2023-11-26 17:07:19,336 [ERROR] CADModel:125 - Updater not yet initialized, retry later 
2023-11-26 17:07:19,337 [FATAL] Updater:308 - Updater called before beeing initialized
2023-11-26 17:07:19,465 [FATAL] Updater:308 - Updater called before beeing initialized
2023-11-26 17:07:19,469 [INFO] DbMcusAds:53 - JSON generation date=Tue Mar 07 09:50:55 CET 2023 (1678179055335)
2023-11-26 17:07:19,469 [FATAL] Updater:308 - Updater called before beeing initialized
2023-11-26 17:07:19,521 [WARN] DetailPanel:346 - Failed to get advertising image, set to default
2023-11-26 17:07:19,580 [FATAL] Updater:308 - Updater called before beeing initialized
2023-11-26 17:07:19,582 [FATAL] Updater:308 - Updater called before beeing initialized
2023-11-26 17:07:19,582 [FATAL] Updater:308 - Updater called before beeing initialized
2023-11-26 17:07:19,582 [WARN] DetailPanel:346 - Failed to get advertising image, set to default
2023-11-26 17:07:19,583 [FATAL] Updater:308 - Updater called before beeing initialized
2023-11-26 17:07:19,635 [ERROR] Updater:1120 - MainUpdater not yet initialized. External WinMGr cannot be set.
2023-11-26 17:07:19,668 [INFO] Updater:1056 - Updater Version found : 6.10.0
2023-11-26 17:07:19,678 [INFO] ApplicationProperties:184 - Using Application install path: /Applications/STM32CubeIDE.app/Contents/Eclipse/plugins/com.st.stm32cube.common.mx_6.10.0.202311202037
2023-11-26 17:07:20,006 [INFO] MainUpdater:2873 - connection check result : 10
2023-11-26 17:07:20,006 [INFO] MainUpdater:290 - Updater Check For Update Now.
2023-11-26 17:07:20,006 [INFO] MicroXplorer:498 - Change Database Version : DB.6.0.100
2023-11-26 17:07:20,010 [INFO] McuFinderGlobals:63 - Set McuFinder mode to 2 (CubeIDE integrated)
2023-11-26 17:07:20,011 [INFO] UserAuth:180 - activating auth plugin
2023-11-26 17:07:20,021 [INFO] UserAuth:404 - Internet connection configuration mode: 1
2023-11-26 17:07:20,036 [INFO] JxBrowserEngine:152 - Initiate JxBrowser Engine with user profile folder
2023-11-26 17:07:20,243 [INFO] CheckServerUpdateThread:120 - End of CheckServer Thread
2023-11-26 17:07:21,665 [WARN] PackLoader:240 - Cannot read IP mode file for STMicroelectronics.X-CUBE-SMBUS.2.1.0
2023-11-26 17:07:21,731 [WARN] PackLoader:240 - Cannot read IP mode file for STMicroelectronics.X-CUBE-AZRTOS-F7.1.1.0
2023-11-26 17:07:21,792 [WARN] PackLoader:240 - Cannot read IP mode file for STMicroelectronics.FP-SNS-MOTENV1.4.3.2
2023-11-26 17:07:21,831 [WARN] PackLoader:240 - Cannot read IP mode file for STMicroelectronics.FP-SNS-FLIGHT1.5.0.2
2023-11-26 17:07:21,869 [WARN] PackLoader:240 - Cannot read IP mode file for STMicroelectronics.X-CUBE-DISPLAY.3.0.0
2023-11-26 17:07:21,911 [WARN] PackLoader:240 - Cannot read IP mode file for STMicroelectronics.X-CUBE-BLE1.7.0.0
2023-11-26 17:07:21,953 [WARN] PackLoader:240 - Cannot read IP mode file for emotas.I-CUBE-CANOPEN.1.3.0
2023-11-26 17:07:21,965 [WARN] PackLoader:240 - Cannot read IP mode file for STMicroelectronics.X-CUBE-TOUCHGFX.4.22.1
2023-11-26 17:07:21,978 [WARN] PackLoader:240 - Cannot read IP mode file for STMicroelectronics.FP-SNS-SMARTAG2.1.2.0
2023-11-26 17:07:21,996 [INFO] LogOutputStream:77 - [STDOUT_REDIRECT] 1 : Invalid condition id : UX_CORESTACK_Condition cause : null
2023-11-26 17:07:21,999 [INFO] LogOutputStream:77 - [STDOUT_REDIRECT] 1 : Invalid condition id : UX_CORESTACK_Condition cause : null
2023-11-26 17:07:22,000 [INFO] LogOutputStream:77 - [STDOUT_REDIRECT] 1 : Invalid condition id : UX_CORESTACK_Condition cause : null
2023-11-26 17:07:22,000 [INFO] LogOutputStream:77 - [STDOUT_REDIRECT] 1 : Invalid condition id : UX_CORESTACK_Condition cause : null
2023-11-26 17:07:22,001 [INFO] LogOutputStream:77 - [STDOUT_REDIRECT] 1 : Invalid condition id : UX_CORESTACK_Condition cause : null
2023-11-26 17:07:22,011 [WARN] PackLoader:240 - Cannot read IP mode file for STMicroelectronics.X-CUBE-AZRTOS-WL.2.0.0
2023-11-26 17:07:22,044 [WARN] PackLoader:240 - Cannot read IP mode file for WES.I-CUBE-Cesium.1.3.0
2023-11-26 17:07:22,063 [WARN] PackLoader:240 - Cannot read IP mode file for STMicroelectronics.X-CUBE-BLE2.3.3.0
2023-11-26 17:07:22,098 [WARN] PackLoader:240 - Cannot read IP mode file for STMicroelectronics.X-CUBE-ALGOBUILD.1.3.0
2023-11-26 17:07:22,135 [WARN] PackLoader:240 - Cannot read IP mode file for STMicroelectronics.X-CUBE-AZRTOS-G0.1.1.0
2023-11-26 17:07:22,153 [WARN] PackLoader:240 - Cannot read IP mode file for STMicroelectronics.X-CUBE-NFC4.3.0.0
2023-11-26 17:07:22,204 [WARN] PackLoader:240 - Cannot read IP mode file for STMicroelectronics.X-CUBE-BLEMGR.3.0.0
2023-11-26 17:07:22,218 [WARN] PackLoader:240 - Cannot read IP mode file for STMicroelectronics.FP-ATR-SIGFOX1.3.2.0
2023-11-26 17:07:22,231 [WARN] PackLoader:240 - Cannot read IP mode file for STMicroelectronics.X-CUBE-GNSS1.6.0.0
2023-11-26 17:07:22,258 [WARN] PackLoader:240 - Cannot read IP mode file for STMicroelectronics.X-CUBE-AZRTOS-F4.1.1.0
2023-11-26 17:07:22,274 [WARN] PackLoader:240 - Cannot read IP mode file for wolfSSL.I-CUBE-wolfSSL.5.6.4
2023-11-26 17:07:22,337 [WARN] PackLoader:240 - Cannot read IP mode file for STMicroelectronics.X-CUBE-AZRTOS-L5.2.0.0
2023-11-26 17:07:22,351 [WARN] PackLoader:240 - Cannot read IP mode file for STMicroelectronics.X-CUBE-EEPRMA1.4.2.0
2023-11-26 17:07:22,369 [WARN] PackLoader:240 - Cannot read IP mode file for ITTIA_DB.I-CUBE-ITTIADB.8.8.0
2023-11-26 17:07:22,390 [WARN] ConditionMgr:438 - getConditionDescription Invalid condition id : UX DEVICE CLASS RTOS Condition cause : null
2023-11-26 17:07:22,398 [WARN] ConditionMgr:438 - getConditionDescription Invalid condition id : UX DEVICE CLASS RTOS Condition cause : null
2023-11-26 17:07:22,410 [WARN] PackLoader:240 - Cannot read IP mode file for STMicroelectronics.X-CUBE-AZRTOS-H7.3.1.0
2023-11-26 17:07:22,413 [WARN] ConditionMgr:1039 - genDependencies : Invalid condition id : UX DEVICE CLASS RTOS Condition cause : null
2023-11-26 17:07:22,414 [WARN] ConditionMgr:1039 - genDependencies : Invalid condition id : UX DEVICE CLASS RTOS Condition cause : null
2023-11-26 17:07:22,416 [WARN] ConditionMgr:1039 - genDependencies : Invalid condition id : UX DEVICE CLASS RTOS Condition cause : null
2023-11-26 17:07:22,417 [WARN] ConditionMgr:1039 - genDependencies : Invalid condition id : UX DEVICE CLASS RTOS Condition cause : null
2023-11-26 17:07:22,417 [WARN] ConditionMgr:1039 - genDependencies : Invalid condition id : UX DEVICE CLASS RTOS Condition cause : null
2023-11-26 17:07:22,424 [WARN] PackLoader:240 - Cannot read IP mode file for STMicroelectronics.X-CUBE-NFC7.1.0.1
2023-11-26 17:07:22,441 [WARN] PackLoader:240 - Cannot read IP mode file for STMicroelectronics.X-CUBE-NFC6.3.0.0
2023-11-26 17:07:22,458 [WARN] PackLoader:240 - Cannot read IP mode file for STMicroelectronics.X-CUBE-AI.8.1.0
2023-11-26 17:07:22,479 [WARN] ConditionMgr:438 - getConditionDescription Invalid condition id : LAN8742 Phy interface Condition cause : null
2023-11-26 17:07:22,479 [WARN] PackLoader:240 - Cannot read IP mode file for STMicroelectronics.X-CUBE-AZRTOS-L4.2.0.0
2023-11-26 17:07:22,483 [WARN] ConditionMgr:1039 - genDependencies : Invalid condition id : LAN8742 Phy interface Condition cause : null
2023-11-26 17:07:22,483 [WARN] ConditionMgr:1039 - genDependencies : Invalid condition id : LAN8742 Phy interface Condition cause : null
2023-11-26 17:07:22,484 [WARN] ConditionMgr:1039 - genDependencies : Invalid condition id : LAN8742 Phy interface Condition cause : null
2023-11-26 17:07:22,496 [WARN] PackLoader:240 - Cannot read IP mode file for STMicroelectronics.X-CUBE-SFXS2LP1.4.0.0
2023-11-26 17:07:22,511 [WARN] PackLoader:240 - Cannot read IP mode file for STMicroelectronics.X-CUBE-ISPU.1.1.0
2023-11-26 17:07:22,522 [WARN] ConditionMgr:438 - getConditionDescription Invalid condition id : UX DEVICE CLASS RTOS Condition cause : null
2023-11-26 17:07:22,522 [WARN] ConditionMgr:438 - getConditionDescription Invalid condition id : UX DEVICE CLASS RTOS Condition cause : null
2023-11-26 17:07:22,526 [WARN] PackLoader:240 - Cannot read IP mode file for STMicroelectronics.X-CUBE-AZRTOS-WB.2.0.0
2023-11-26 17:07:22,527 [WARN] ConditionMgr:1039 - genDependencies : Invalid condition id : UX DEVICE CLASS RTOS Condition cause : null
2023-11-26 17:07:22,527 [WARN] ConditionMgr:1039 - genDependencies : Invalid condition id : UX DEVICE CLASS RTOS Condition cause : null
2023-11-26 17:07:22,528 [WARN] ConditionMgr:1039 - genDependencies : Invalid condition id : UX DEVICE CLASS RTOS Condition cause : null
2023-11-26 17:07:22,528 [WARN] ConditionMgr:1039 - genDependencies : Invalid condition id : UX DEVICE CLASS RTOS Condition cause : null
2023-11-26 17:07:22,528 [WARN] ConditionMgr:1039 - genDependencies : Invalid condition id : UX DEVICE CLASS RTOS Condition cause : null
2023-11-26 17:07:22,547 [WARN] PackLoader:240 - Cannot read IP mode file for STMicroelectronics.X-CUBE-SUBG2.5.0.0
2023-11-26 17:07:22,588 [WARN] PackLoader:240 - Cannot read IP mode file for STMicroelectronics.X-CUBE-AZRTOS-G4.2.0.0
2023-11-26 17:07:22,615 [WARN] PackLoader:240 - Cannot read IP mode file for Infineon.AIROC-Wi-Fi-Bluetooth-STM32.1.5.1
2023-11-26 17:07:22,635 [WARN] PackLoader:240 - Cannot read IP mode file for STMicroelectronics.FP-SNS-MOTENVWB1.1.3.0
2023-11-26 17:07:22,700 [WARN] PackLoader:240 - Cannot read IP mode file for STMicroelectronics.X-CUBE-MEMS1.10.0.0
2023-11-26 17:07:22,815 [WARN] PackLoader:240 - Cannot read IP mode file for STMicroelectronics.X-CUBE-FREERTOS.1.1.0
2023-11-26 17:07:22,822 [WARN] PackLoader:240 - Cannot read IP mode file for portGmbH.I-Cube-SoM-uGOAL.1.1.0
2023-11-26 17:07:22,826 [WARN] PackLoader:240 - Cannot read IP mode file for STMicroelectronics.X-CUBE-ALS.1.0.1
2023-11-26 17:07:22,828 [WARN] PackLoader:240 - Cannot read IP mode file for STMicroelectronics.FP-ATR-ASTRA1.2.0.0
2023-11-26 17:07:22,839 [WARN] PackLoader:240 - Cannot read IP mode file for STMicroelectronics.X-CUBE-TOF1.3.4.0
2023-11-26 17:07:22,851 [INFO] ThirdParty:978 - Integrity check success = true
2023-11-26 17:07:22,851 [INFO] IntegrityCheckThread:100 - exiting critical section [integrity check]
2023-11-26 17:07:22,851 [INFO] IntegrityCheckThread:103 - End integrity checks thread
2023-11-26 17:07:25,241 [INFO] WebApp:161 - Instantiating new browser for Auth
2023-11-26 17:07:26,459 [INFO] WebApp:780 - Register for checkConnection events
2023-11-26 17:07:26,460 [INFO] WebApp:414 - Apply proxy settings
2023-11-26 17:07:26,468 [INFO] WebApp:459 - Chromium authenticates against Manually configured proxy
2023-11-26 17:07:26,485 [INFO] WebApp:467 - Username used for proxy authentication: 
2023-11-26 17:07:26,609 [INFO] WebApp:192 - Starting web application
2023-11-26 17:07:26,609 [INFO] WebApp:544 - Web application path used /Applications/STM32CubeIDE.app/Contents/Eclipse/plugins/com.st.stm32cube.common.mx_6.10.0.202311202037/db/plugins/mcufinder/reactClient1/index.html
2023-11-26 17:07:47,645 [ERROR] LogOutputStream:75 - [STDERR_REDIRECT] SLF4J: Failed to load class "org.slf4j.impl.StaticLoggerBinder".
2023-11-26 17:07:47,647 [ERROR] LogOutputStream:75 - [STDERR_REDIRECT] SLF4J: Defaulting to no-operation (NOP) logger implementation
2023-11-26 17:07:47,647 [ERROR] LogOutputStream:75 - [STDERR_REDIRECT] SLF4J: See http://www.slf4j.org/codes.html#StaticLoggerBinder for further details.
2023-11-26 17:08:14,068 [ERROR] LogOutputStream:75 - [STDERR_REDIRECT] 
